1117838570 SWITCHINGENGINEMAN-4-IPPLLCINTERRUPTFREELISTBELOWHIPRIORITYTHRESHOLD: (Suppressed 118 times)IPP LLC freelistBelowHiPriorityThreshold interrupt : 2240
1117838570 SWITCHINGENGINEMAN-4-IPPLLCINTERRUPTFREELISTBELOWHIPRIORITYTHRESHOLD: (Suppressed 89 times)IPP LLC freelistBelowHiPriorityThreshold interrupt : 2060
1117838570 SWITCHINGENGINEMAN-4-IPPLLCINTERRUPTFREELISTBELOWHIPRIORITYTHRESHOLD: (Suppressed 82 times)IPP LLC freelistBelowHiPriorityThreshold interrupt : 2072
1117838570 SWITCHINGENGINEMAN-4-IPPLLCINTERRUPTFREELISTBELOWHIPRIORITYTHRESHOLD: (Suppressed 136 times)IPP LLC freelistBelowHiPriorityThreshold interrupt : 2168
1117838570 SWITCHINGENGINEMAN-4-IPPLLCINTERRUPTFREELISTBELOWHIPRIORITYTHRESHOLD: (Suppressed 117 times)IPP LLC freelistBelowHiPriorityThreshold interrupt : 2421
1117838571 SWITCHINGENGINEMAN-4-IPPLLCINTERRUPTFREELISTBELOWHIPRIORITYTHRESHOLD: (Suppressed 95 times)IPP LLC freelistBelowHiPriorityThreshold interrupt : 2054
1117838571 SWITCHINGENGINEMAN-4-IPPLLCINTERRUPTFREELISTBELOWHIPRIORITYTHRESHOLD: (Suppressed 124 times)IPP LLC freelistBelowHiPriorityThreshold interrupt : 2139
1117838571 SWITCHINGENGINEMAN-4-IPPLLCINTERRUPTFREELISTBELOWHIPRIORITYTHRESHOLD: (Suppressed 91 times)IPP LLC freelistBelowHiPriorityThreshold interrupt : 2110
1117838572 SWITCHINGENGINEMAN-4-IPPLLCINTERRUPTFREELISTBELOWHIPRIORITYTHRESHOLD: (Suppressed 126 times)IPP LLC freelistBelowHiPriorityThreshold interrupt : 2050
1117838572 SWITCHINGENGINEMAN-4-IPPLLCINTERRUPTFREELISTBELOWHIPRIORITYTHRESHOLD: (Suppressed 106 times)IPP LLC freelistBelowHiPriorityThreshold interrupt : 2218
1117838572 SWITCHINGENGINEMAN-4-IPPLLCINTERRUPTFREELISTBELOWHIPRIORITYTHRESHOLD: (Suppressed 127 times)IPP LLC freelistBelowHiPriorityThreshold interrupt : 2053
1117838572 SWITCHINGENGINEMAN-4-IPPLLCINTERRUPTFREELISTBELOWHIPRIORITYTHRESHOLD: (Suppressed 111 times)IPP LLC freelistBelowHiPriorityThreshold interrupt : 2965
1117838572 SWITCHINGENGINEMAN-4-IPPLLCINTERRUPTFREELISTBELOWHIPRIORITYTHRESHOLD: (Suppressed 114 times)IPP LLC freelistBelowHiPriorityThreshold interrupt : 2081
1117838573 SWITCHINGENGINEMAN-4-IPPLLCINTERRUPTFREELISTBELOWHIPRIORITYTHRESHOLD: (Suppressed 117 times)IPP LLC freelistBelowHiPriorityThreshold interrupt : 2058
1117838574 SWITCHINGENGINEMAN-4-IPPLLCINTERRUPTFREELISTBELOWHIPRIORITYTHRESHOLD: (Suppressed 98 times)IPP LLC freelistBelowHiPriorityThreshold interrupt : 2074
1117838574 SWITCHINGENGINEMAN-4-IPPLLCINTERRUPTFREELISTBELOWHIPRIORITYTHRESHOLD: (Suppressed 107 times)IPP LLC freelistBelowHiPriorityThreshold interrupt : 2055
1117838574 SWITCHINGENGINEMAN-4-IPPLLCINTERRUPTFREELISTBELOWHIPRIORITYTHRESHOLD: (Suppressed 111 times)IPP LLC freelistBelowHiPriorityThreshold interrupt : 3931
1117838574 SWITCHINGENGINEMAN-4-IPPLLCINTERRUPTFREELISTBELOWHIPRIORITYTHRESHOLD: (Suppressed 110 times)IPP LLC freelistBelowHiPriorityThreshold interrupt : 2172
1117838575 SWITCHINGENGINEMAN-4-IPPLLCINTERRUPTFREELISTBELOWHIPRIORITYTHRESHOLD: (Suppressed 124 times)IPP LLC freelistBelowHiPriorityThreshold interrupt : 2212
1117838575 SWITCHINGENGINEMAN-4-IPPLLCINTERRUPTFREELISTBELOWHIPRIORITYTHRESHOLD: (Suppressed 142 times)IPP LLC freelistBelowHiPriorityThreshold interrupt : 2111
1117838575 SWITCHINGENGINEMAN-4-IPPLLCINTERRUPTFREELISTBELOWHIPRIORITYTHRESHOLD: (Suppressed 118 times)IPP LLC freelistBelowHiPriorityThreshold interrupt : 2204
1117838575 SWITCHINGENGINEMAN-4-IPPLLCINTERRUPTFREELISTBELOWHIPRIORITYTHRESHOLD: (Suppressed 103 times)IPP LLC freelistBelowHiPriorityThreshold interrupt : 3105
1117838575 SWITCHINGENGINEMAN-4-IPPLLCINTERRUPTFREELISTBELOWHIPRIORITYTHRESHOLD: (Suppressed 120 times)IPP LLC freelistBelowHiPriorityThreshold interrupt : 2045
1117838576 SWITCHINGENGINEMAN-4-IPPLLCINTERRUPTFREELISTBELOWHIPRIORITYTHRESHOLD: (Suppressed 131 times)IPP LLC freelistBelowHiPriorityThreshold interrupt : 2070
1117838576 SWITCHINGENGINEMAN-6-Itest: (Suppressed 103 times)IPP LLC freelistBelowHiPriorityThreshold input : 3105
1117838576 SWITCHINGENGINEMAN-6-Itest: (Suppressed 103 times)IPP LLC freelistBelowHiPriorityThreshold input interrupt: 3105
1117838576 SWITCHINGENGINEMAN-6-Itest: (Suppressed 103 times)IPP LLC freelistBelowHiPriorityThreshold interrupt: 3105
1117838576 SWITCHINGENGINEMAN-6-Itest: (Suppressed 103 times)IPP LLC freelistBelowHiPriorityThreshold IPPLLCINTERRUPTFREELISTBELOWHIPRIORITYTHRESHOLD: 3105 aa
1117838577 SWITCHINGENGINEMAN-6-Itest: (Suppressed 103 times)IPP LLC freelistBelowHiPriorityThreshold IPPLLCINTERRUPTFREELISTBELOWHIPRIORITYTHRESHOLD: 3105 sgf
1117838577 SWITCHINGENGINEMAN-6-Itest: (Suppressed 103 times)IPP LLC freelistBelowHiPriorityThreshold IPPLLCINTERRUPTFREELISTBELOWHIPRIORITYTHRESHOLD: 3105 aas
1117838577 SWITCHINGENGINEMAN-6-Itest: (Suppressed 103 times)IPP LLC freelistBelowHiPriorityThreshold IPPLLCINTERRUPTFREELISTBELOWHIPRIORITYTHRESHOLD: 3105 aahj
1117838577 SWITCHINGENGINEMAN-6-Itest: (Suppressed 103 times)IPP LLC freelistBelowHiPriorityThreshold IPPLLCINTERRUPTFREELISTBELOWHIPRIORITYTHRESHOLD: 3105 aar
1117838578 SWITCHINGENGINEMAN-6-Itest: (Suppressed 103 times)IPP LLC freelistBelowHiPriorityThreshold IPPLLCINTERRUPTFREELISTBELOWHIPRIORITYTHRESHOLD: 3105 aamk
1117838578 SWITCHINGENGINEMAN-6-Itest: (Suppressed 103 times)IPP LLC freelistBelowHiPriorityThreshold IPPLLCINTERRUPTFREELISTBELOWHIPRIORITYTHRESHOLD: 3105 aaj
1117838579 SWITCHINGENGINEMAN-6-Itest: (Suppressed 103 times)IPP LLC freelistBelowHiPriorityThreshold IPPLLCINTERRUPTFREELISTBELOWHIPRIORITYTHRESHOLD: 3105 aagju